<?xml version="1.0" encoding="UTF-8"?>
<!-- Generated by org.testng.reporters.JUnitReportReporter -->
<testsuite skipped="0" hostname="HP" name="testNGdemo.GoogleTest" tests="3" failures="0" timestamp="09 Jan 2020 08:44:29 GMT" time="57.585" errors="0">
  <testcase name="Search" time="16.101" classname="testNGdemo.GoogleTest"/>
  <testcase name="emailtest" time="15.777" classname="testNGdemo.GoogleTest"/>
  <testcase name="login" time="25.707" classname="testNGdemo.GoogleTest"/>
</testsuite> <!-- testNGdemo.GoogleTest -->
