<?xml version="1.0" encoding="UTF-8"?>
<!-- Generated by org.testng.reporters.JUnitReportReporter -->
<testsuite skipped="0" hostname="HP" name="testNGdemo.AssertTest" tests="1" failures="0" timestamp="09 Jan 2020 08:44:29 GMT" time="91.509" errors="0">
  <testcase name="validatetest" time="91.509" classname="testNGdemo.AssertTest"/>
</testsuite> <!-- testNGdemo.AssertTest -->
