<?xml version="1.0" encoding="UTF-8"?>
<!-- Generated by org.testng.reporters.JUnitReportReporter -->
<testsuite skipped="0" hostname="HP" name="testNGdemo.test.GoogleTest" tests="2" failures="0" timestamp="08 Jan 2020 07:41:58 GMT" time="20.656" errors="0">
  <testcase name="Search" time="8.624" classname="testNGdemo.test.GoogleTest"/>
  <testcase name="emailtest" time="12.032" classname="testNGdemo.test.GoogleTest"/>
</testsuite> <!-- testNGdemo.test.GoogleTest -->
